SF:lib\core\errors\failures.dart
DA:4,0
DA:5,0
LF:2
LH:0
end_of_record
SF:lib\domain\entities\tarefa_entity.dart
DA:9,3
DA:18,0
DA:19,0
DA:20,0
DA:21,0
DA:22,0
DA:23,0
DA:25,0
DA:26,0
DA:28,0
DA:32,0
DA:33,0
DA:34,0
DA:35,0
DA:36,0
DA:37,0
DA:38,0
DA:39,0
LF:18
LH:1
end_of_record
SF:lib\domain\services\get_tarefas_service.dart
DA:9,1
DA:11,1
DA:13,2
DA:15,2
LF:4
LH:4
end_of_record
SF:lib\domain\services\delete_tarefas_service.dart
DA:6,0
DA:8,0
DA:9,0
LF:3
LH:0
end_of_record
SF:lib\domain\services\post_tarefas_service.dart
DA:7,0
DA:9,0
DA:10,0
LF:3
LH:0
end_of_record
SF:lib\domain\services\put_tarefas_service.dart
DA:7,0
DA:9,0
DA:10,0
LF:3
LH:0
end_of_record
SF:lib\presentation\controllers\tarefa_controller.dart
DA:21,2
DA:28,2
DA:30,2
DA:32,1
DA:33,1
DA:34,5
DA:35,1
DA:38,2
DA:39,4
DA:40,5
DA:41,2
DA:42,2
DA:43,2
DA:45,2
DA:49,0
DA:50,0
DA:51,0
DA:54,0
DA:55,0
DA:56,0
DA:59,0
DA:60,0
DA:61,0
DA:64,0
DA:65,0
DA:66,0
LF:26
LH:14
end_of_record
SF:lib\presentation\view\tarefa_form_page.dart
DA:9,0
DA:15,0
DA:16,0
DA:25,0
DA:27,0
DA:28,0
DA:29,0
DA:31,0
DA:32,0
DA:34,0
DA:35,0
DA:38,0
DA:40,0
DA:41,0
DA:42,0
DA:45,0
DA:47,0
DA:49,0
DA:51,0
DA:56,0
DA:57,0
DA:59,0
DA:60,0
DA:61,0
DA:64,0
DA:67,0
DA:70,0
DA:71,0
DA:72,0
DA:73,0
DA:74,0
DA:75,0
DA:76,0
DA:83,0
DA:84,0
DA:87,0
DA:89,0
DA:90,0
DA:91,0
DA:92,0
DA:93,0
DA:95,0
DA:96,0
DA:97,0
DA:99,0
DA:103,0
DA:105,0
DA:107,0
DA:108,0
DA:109,0
DA:112,0
DA:113,0
DA:119,0
DA:120,0
DA:121,0
DA:122,0
DA:123,0
DA:127,0
DA:128,0
DA:130,0
DA:131,0
DA:133,0
DA:138,0
DA:142,0
DA:143,0
DA:144,0
DA:146,0
DA:147,0
DA:148,0
DA:150,0
DA:153,0
DA:154,0
DA:155,0
DA:156,0
DA:158,0
DA:163,0
DA:164,0
DA:166,0
DA:167,0
DA:168,0
DA:172,0
DA:173,0
DA:174,0
DA:175,0
DA:176,0
DA:177,0
DA:178,0
DA:179,0
DA:181,0
DA:182,0
DA:183,0
DA:186,0
DA:187,0
DA:189,0
DA:191,0
DA:193,0
DA:200,0
DA:201,0
LF:98
LH:0
end_of_record
SF:lib\presentation\view\tarefa_page.dart
DA:9,1
DA:11,1
DA:12,1
DA:16,1
DA:18,1
DA:19,3
DA:20,1
DA:21,1
DA:24,1
DA:28,1
DA:30,1
DA:32,1
DA:33,1
DA:35,1
DA:36,1
DA:38,2
DA:40,1
DA:42,0
DA:43,0
DA:44,0
DA:46,0
DA:53,1
DA:55,1
DA:56,1
DA:58,1
DA:62,1
DA:63,1
DA:65,1
DA:66,1
DA:67,1
DA:69,1
DA:71,1
DA:73,1
DA:75,1
DA:80,1
DA:82,1
DA:84,1
DA:85,1
DA:86,1
DA:87,1
DA:89,1
DA:101,1
DA:102,1
DA:106,1
DA:107,1
DA:110,1
DA:112,1
DA:113,1
DA:114,1
DA:115,1
DA:117,1
DA:120,1
DA:126,2
DA:127,1
DA:128,1
DA:129,1
DA:131,1
DA:135,1
DA:136,0
DA:137,0
DA:138,0
DA:139,0
DA:141,0
DA:147,1
DA:148,1
DA:149,1
DA:150,0
DA:151,0
DA:152,0
LF:69
LH:57
end_of_record
SF:lib\presentation\widgets\tarefa_card.dart
DA:11,1
DA:13,1
DA:14,1
DA:15,1
DA:18,1
DA:20,1
DA:22,1
DA:24,1
DA:29,1
DA:31,1
DA:33,1
DA:34,0
DA:35,0
DA:36,0
DA:38,0
DA:40,0
DA:45,1
DA:46,3
DA:47,1
DA:49,1
DA:50,1
DA:51,1
DA:53,1
DA:55,1
DA:56,1
DA:57,2
DA:64,3
DA:66,5
DA:68,3
DA:69,0
DA:70,0
DA:71,0
DA:77,1
DA:80,1
DA:82,0
DA:84,0
DA:86,0
DA:87,0
DA:92,0
DA:93,0
DA:94,0
DA:95,0
DA:99,0
DA:100,0
DA:101,0
DA:102,0
DA:103,0
DA:104,0
DA:105,0
DA:106,0
DA:108,0
DA:110,0
DA:111,0
LF:53
LH:26
end_of_record
